[2026-06-11T18:10:00] Fix typo in readme
[2026-03-09T17:17:00] Update daily notes
[2026-03-09T17:42:00] Add configuration file
[2026-03-09T18:34:00] Add unit tests
[2026-03-10T14:37:00] Reorganize project structure
[2026-03-10T16:29:00] Optimize algorithm
[2026-03-10T17:22:00] Reorganize project structure
[2026-03-10T17:45:00] Update daily notes
[2026-03-11T13:15:00] Clean up unused files
[2026-03-12T16:23:00] Add comments
[2026-03-13T10:19:00] Improve performance
[2026-03-13T13:12:00] Add comments
[2026-03-13T19:56:00] Add new feature
[2026-03-13T19:58:00] Add progress log
[2026-03-13T21:36:00] Update documentation
[2026-03-14T08:46:00] Add unit tests
[2026-03-14T12:57:00] Add configuration file
[2026-03-14T13:16:00] Refactor code structure
[2026-03-14T18:28:00] Update changelog
[2026-03-14T20:34:00] Add progress log
[2026-03-15T09:15:00] Optimize algorithm
[2026-03-15T09:38:00] Add helper functions
[2026-03-15T10:33:00] Improve performance
[2026-03-15T14:13:00] Update dependencies
[2026-03-15T19:32:00] Refactor code structure
[2026-03-16T09:50:00] Code review changes
